{
  code: 'ERR_IPC_CHANNEL_CLOSED',
  level: 'error',
  label: 'PH',
  timestamp: '2023-10-27T09:22:37.321Z'
}
{
  issues: [
    {
      code: 'invalid_type',
      expected: 'string',
      received: 'undefined',
      path: [ 'body', 'role' ],
      message: 'role is required'
    }
  ],
  addIssue: [Function (anonymous)],
  addIssues: [Function (anonymous)],
  name: 'ZodError',
  level: 'error',
  label: 'PH',
  timestamp: '2023-10-27T09:24:17.204Z'
}
{
  issues: [
    {
      code: 'invalid_type',
      expected: 'string',
      received: 'undefined',
      path: [ 'body', 'role' ],
      message: 'role is required'
    }
  ],
  addIssue: [Function (anonymous)],
  addIssues: [Function (anonymous)],
  name: 'ZodError',
  level: 'error',
  label: 'PH',
  timestamp: '2023-10-27T09:34:00.034Z'
}
Fri Oct 27 2023 17:50:42 [PH] error: [
  {
    "code": "invalid_type",
    "expected": "string",
    "received": "undefined",
    "path": [
      "body",
      "role"
    ],
    "message": "role is required"
  }
]
Fri Oct 27 2023 17:53:20 [PH] error: [
  {
    "code": "invalid_type",
    "expected": "string",
    "received": "undefined",
    "path": [
      "body",
      "role"
    ],
    "message": "role is required"
  }
]
