{
  message: 'Database is connected successfully',
  level: 'info',
  label: 'PH',
  timestamp: '2023-10-24T07:21:11.620Z'
}
{
  message: 'Application listening on port 3000',
  level: 'info',
  label: 'PH',
  timestamp: '2023-10-24T07:21:11.629Z'
}
{
  message: 'Database is connected successfully',
  level: 'info',
  label: 'PH',
  timestamp: '2023-10-24T07:35:24.187Z'
}
{
  message: 'Application listening on port 3000',
  level: 'info',
  label: 'PH',
  timestamp: '2023-10-24T07:35:24.200Z'
}
{
  message: 'Database is connected successfully',
  level: 'info',
  label: 'PH',
  timestamp: '2023-10-24T07:49:13.209Z'
}
{
  message: 'Application listening on port 3000',
  level: 'info',
  label: 'PH',
  timestamp: '2023-10-24T07:49:13.218Z'
}
{
  message: 'Database is connected successfully',
  level: 'info',
  label: 'PH',
  timestamp: '2023-10-24T07:49:43.614Z'
}
{
  message: 'Application listening on port 3000',
  level: 'info',
  label: 'PH',
  timestamp: '2023-10-24T07:49:43.620Z'
}
{
  message: 'Database is connected successfully',
  level: 'info',
  label: 'PH',
  timestamp: '2023-10-24T07:58:51.412Z'
}
{
  message: 'Application listening on port 3000',
  level: 'info',
  label: 'PH',
  timestamp: '2023-10-24T07:58:51.420Z'
}
