{
  message: 'Database is connected successfully',
  level: 'info',
  label: 'PH',
  timestamp: '2023-10-27T02:48:39.269Z'
}
{
  message: 'Application listening on port 3000',
  level: 'info',
  label: 'PH',
  timestamp: '2023-10-27T02:48:39.284Z'
}
{
  message: 'Database is connected successfully',
  level: 'info',
  label: 'PH',
  timestamp: '2023-10-27T02:49:57.813Z'
}
{
  message: 'Application listening on port 3000',
  level: 'info',
  label: 'PH',
  timestamp: '2023-10-27T02:49:57.823Z'
}
{
  message: 'Database is connected successfully',
  level: 'info',
  label: 'PH',
  timestamp: '2023-10-27T02:53:09.404Z'
}
{
  message: 'Application listening on port 3000',
  level: 'info',
  label: 'PH',
  timestamp: '2023-10-27T02:53:09.411Z'
}
{
  message: 'Database is connected successfully',
  level: 'info',
  label: 'PH',
  timestamp: '2023-10-27T02:53:12.887Z'
}
{
  message: 'Application listening on port 3000',
  level: 'info',
  label: 'PH',
  timestamp: '2023-10-27T02:53:12.897Z'
}
{
  message: 'Database is connected successfully',
  level: 'info',
  label: 'PH',
  timestamp: '2023-10-27T02:54:20.102Z'
}
{
  message: 'Application listening on port 3000',
  level: 'info',
  label: 'PH',
  timestamp: '2023-10-27T02:54:20.110Z'
}
{
  message: 'Database is connected successfully',
  level: 'info',
  label: 'PH',
  timestamp: '2023-10-27T02:59:52.966Z'
}
{
  message: 'Application listening on port 3000',
  level: 'info',
  label: 'PH',
  timestamp: '2023-10-27T02:59:52.974Z'
}
