{
  message: 'Database is connected successfully',
  level: 'info',
  label: 'PH',
  timestamp: '2023-10-24T06:09:42.716Z'
}
{
  message: 'Application listening on port 3000',
  level: 'info',
  label: 'PH',
  timestamp: '2023-10-24T06:09:42.728Z'
}
{
  message: 'Database is connected successfully',
  level: 'info',
  label: 'PH',
  timestamp: '2023-10-24T06:10:55.597Z'
}
{
  message: 'Application listening on port 3000',
  level: 'info',
  label: 'PH',
  timestamp: '2023-10-24T06:10:55.602Z'
}
{
  message: 'Database is connected successfully',
  level: 'info',
  label: 'PH',
  timestamp: '2023-10-24T06:11:57.882Z'
}
{
  message: 'Database is connected successfully',
  level: 'info',
  label: 'PH',
  timestamp: '2023-10-24T06:14:41.833Z'
}
{
  message: 'Application listening on port 3000',
  level: 'info',
  label: 'PH',
  timestamp: '2023-10-24T06:14:41.841Z'
}
{
  message: 'Database is connected successfully',
  level: 'info',
  label: 'PH',
  timestamp: '2023-10-24T06:16:32.442Z'
}
{
  message: 'Application listening on port 3000',
  level: 'info',
  label: 'PH',
  timestamp: '2023-10-24T06:16:32.447Z'
}
{
  message: 'Database is connected successfully',
  level: 'info',
  label: 'PH',
  timestamp: '2023-10-24T06:19:42.485Z'
}
{
  message: 'Application listening on port 3000',
  level: 'info',
  label: 'PH',
  timestamp: '2023-10-24T06:19:42.494Z'
}
{
  message: 'Database is connected successfully',
  level: 'info',
  label: 'PH',
  timestamp: '2023-10-24T06:20:11.108Z'
}
{
  message: 'Application listening on port 3000',
  level: 'info',
  label: 'PH',
  timestamp: '2023-10-24T06:20:11.120Z'
}
{
  message: 'Database is connected successfully',
  level: 'info',
  label: 'PH',
  timestamp: '2023-10-24T06:27:20.384Z'
}
{
  message: 'Application listening on port 3000',
  level: 'info',
  label: 'PH',
  timestamp: '2023-10-24T06:27:20.387Z'
}
{
  message: 'Database is connected successfully',
  level: 'info',
  label: 'PH',
  timestamp: '2023-10-24T06:38:39.178Z'
}
{
  message: 'Application listening on port 3000',
  level: 'info',
  label: 'PH',
  timestamp: '2023-10-24T06:38:39.188Z'
}
{
  message: 'Database is connected successfully',
  level: 'info',
  label: 'PH',
  timestamp: '2023-10-24T06:45:04.203Z'
}
{
  message: 'Application listening on port 3000',
  level: 'info',
  label: 'PH',
  timestamp: '2023-10-24T06:45:04.215Z'
}
{
  message: 'Database is connected successfully',
  level: 'info',
  label: 'PH',
  timestamp: '2023-10-24T06:49:01.678Z'
}
{
  message: 'Application listening on port 3000',
  level: 'info',
  label: 'PH',
  timestamp: '2023-10-24T06:49:01.688Z'
}
{
  message: 'Database is connected successfully',
  level: 'info',
  label: 'PH',
  timestamp: '2023-10-24T06:53:16.754Z'
}
{
  message: 'Application listening on port 3000',
  level: 'info',
  label: 'PH',
  timestamp: '2023-10-24T06:53:16.761Z'
}
{
  message: 'Database is connected successfully',
  level: 'info',
  label: 'PH',
  timestamp: '2023-10-24T06:54:51.316Z'
}
{
  message: 'Application listening on port 3000',
  level: 'info',
  label: 'PH',
  timestamp: '2023-10-24T06:54:51.325Z'
}
{
  message: 'Database is connected successfully',
  level: 'info',
  label: 'PH',
  timestamp: '2023-10-24T06:59:53.232Z'
}
{
  message: 'Application listening on port 3000',
  level: 'info',
  label: 'PH',
  timestamp: '2023-10-24T06:59:53.241Z'
}
