{
  message: 'Database is connected successfully',
  level: 'info',
  label: 'PH',
  timestamp: '2023-10-25T04:02:45.993Z'
}
{
  message: 'Application listening on port 3000',
  level: 'info',
  label: 'PH',
  timestamp: '2023-10-25T04:02:46.000Z'
}
{
  message: 'Database is connected successfully',
  level: 'info',
  label: 'PH',
  timestamp: '2023-10-25T04:03:07.093Z'
}
{
  message: 'Application listening on port 3000',
  level: 'info',
  label: 'PH',
  timestamp: '2023-10-25T04:03:07.101Z'
}
{
  message: 'Database is connected successfully',
  level: 'info',
  label: 'PH',
  timestamp: '2023-10-25T04:08:55.362Z'
}
{
  message: 'Application listening on port 3000',
  level: 'info',
  label: 'PH',
  timestamp: '2023-10-25T04:08:55.373Z'
}
{
  message: 'Database is connected successfully',
  level: 'info',
  label: 'PH',
  timestamp: '2023-10-25T04:11:37.157Z'
}
{
  message: 'Application listening on port 3000',
  level: 'info',
  label: 'PH',
  timestamp: '2023-10-25T04:11:37.166Z'
}
{
  message: 'Database is connected successfully',
  level: 'info',
  label: 'PH',
  timestamp: '2023-10-25T04:20:13.578Z'
}
{
  message: 'Application listening on port 3000',
  level: 'info',
  label: 'PH',
  timestamp: '2023-10-25T04:20:13.591Z'
}
{
  message: 'Database is connected successfully',
  level: 'info',
  label: 'PH',
  timestamp: '2023-10-25T04:29:46.305Z'
}
{
  message: 'Application listening on port 3000',
  level: 'info',
  label: 'PH',
  timestamp: '2023-10-25T04:29:46.321Z'
}
